<?xml version="1.0" encoding="UTF-8"?>
<testsuite xmlns:xsi="http://www.w3.org/2001/XMLSchema-instance" xsi:noNamespaceSchemaLocation="https://maven.apache.org/surefire/maven-surefire-plugin/xsd/surefire-test-report.xsd" name="com.mycompany.dvdstore.AppTest" time="0.069" tests="1" errors="0" skipped="0" failures="0">
  <properties>
    <property name="java.specification.version" value="16"/>
    <property name="sun.cpu.isalist" value="amd64"/>
    <property name="sun.jnu.encoding" value="Cp1252"/>
    <property name="java.class.path" value="C:\Users\Romain\Desktop\Projets persos\springTutorial\dvd\target\test-classes;C:\Users\Romain\Desktop\Projets persos\springTutorial\dvd\target\classes;C:\devEnv\apache-maven-3.8.1\repo\org\springframework\boot\spring-boot-starter\2.6.2\spring-boot-starter-2.6.2.jar;C:\devEnv\apache-maven-3.8.1\repo\org\springframework\boot\spring-boot\2.6.2\spring-boot-2.6.2.jar;C:\devEnv\apache-maven-3.8.1\repo\org\springframework\spring-context\5.3.14\spring-context-5.3.14.jar;C:\devEnv\apache-maven-3.8.1\repo\org\springframework\spring-aop\5.3.14\spring-aop-5.3.14.jar;C:\devEnv\apache-maven-3.8.1\repo\org\springframework\spring-beans\5.3.14\spring-beans-5.3.14.jar;C:\devEnv\apache-maven-3.8.1\repo\org\springframework\spring-expression\5.3.14\spring-expression-5.3.14.jar;C:\devEnv\apache-maven-3.8.1\repo\org\springframework\boot\spring-boot-autoconfigure\2.6.2\spring-boot-autoconfigure-2.6.2.jar;C:\devEnv\apache-maven-3.8.1\repo\org\springframework\boot\spring-boot-starter-logging\2.6.2\spring-boot-starter-logging-2.6.2.jar;C:\devEnv\apache-maven-3.8.1\repo\ch\qos\logback\logback-classic\1.2.9\logback-classic-1.2.9.jar;C:\devEnv\apache-maven-3.8.1\repo\ch\qos\logback\logback-core\1.2.9\logback-core-1.2.9.jar;C:\devEnv\apache-maven-3.8.1\repo\org\slf4j\slf4j-api\1.7.32\slf4j-api-1.7.32.jar;C:\devEnv\apache-maven-3.8.1\repo\org\apache\logging\log4j\log4j-to-slf4j\2.17.0\log4j-to-slf4j-2.17.0.jar;C:\devEnv\apache-maven-3.8.1\repo\org\apache\logging\log4j\log4j-api\2.17.0\log4j-api-2.17.0.jar;C:\devEnv\apache-maven-3.8.1\repo\org\slf4j\jul-to-slf4j\1.7.32\jul-to-slf4j-1.7.32.jar;C:\devEnv\apache-maven-3.8.1\repo\jakarta\annotation\jakarta.annotation-api\1.3.5\jakarta.annotation-api-1.3.5.jar;C:\devEnv\apache-maven-3.8.1\repo\org\springframework\spring-core\5.3.14\spring-core-5.3.14.jar;C:\devEnv\apache-maven-3.8.1\repo\org\springframework\spring-jcl\5.3.14\spring-jcl-5.3.14.jar;C:\devEnv\apache-maven-3.8.1\repo\org\yaml\snakeyaml\1.29\snakeyaml-1.29.jar;C:\devEnv\apache-maven-3.8.1\repo\junit\junit\4.11\junit-4.11.jar;C:\devEnv\apache-maven-3.8.1\repo\org\hamcrest\hamcrest-core\2.2\hamcrest-core-2.2.jar;C:\devEnv\apache-maven-3.8.1\repo\org\hamcrest\hamcrest\2.2\hamcrest-2.2.jar;C:\devEnv\apache-maven-3.8.1\repo\org\projectlombok\lombok\1.18.22\lombok-1.18.22.jar;"/>
    <property name="java.vm.vendor" value="Oracle Corporation"/>
    <property name="sun.arch.data.model" value="64"/>
    <property name="user.variant" value=""/>
    <property name="java.vendor.url" value="https://java.oracle.com/"/>
    <property name="user.timezone" value="Europe/Paris"/>
    <property name="os.name" value="Windows 10"/>
    <property name="java.vm.specification.version" value="16"/>
    <property name="sun.java.launcher" value="SUN_STANDARD"/>
    <property name="user.country" value="FR"/>
    <property name="sun.boot.library.path" value="C:\Program Files\Java\jdk-16.0.1\bin"/>
    <property name="sun.java.command" value="C:\Users\Romain\AppData\Local\Temp\surefire6860136477450401557\surefirebooter8901694601011966729.jar C:\Users\Romain\AppData\Local\Temp\surefire6860136477450401557 2022-01-07T12-14-38_577-jvmRun1 surefire15548351107029465232tmp surefire_02925831291731338056tmp"/>
    <property name="jdk.debug" value="release"/>
    <property name="surefire.test.class.path" value="C:\Users\Romain\Desktop\Projets persos\springTutorial\dvd\target\test-classes;C:\Users\Romain\Desktop\Projets persos\springTutorial\dvd\target\classes;C:\devEnv\apache-maven-3.8.1\repo\org\springframework\boot\spring-boot-starter\2.6.2\spring-boot-starter-2.6.2.jar;C:\devEnv\apache-maven-3.8.1\repo\org\springframework\boot\spring-boot\2.6.2\spring-boot-2.6.2.jar;C:\devEnv\apache-maven-3.8.1\repo\org\springframework\spring-context\5.3.14\spring-context-5.3.14.jar;C:\devEnv\apache-maven-3.8.1\repo\org\springframework\spring-aop\5.3.14\spring-aop-5.3.14.jar;C:\devEnv\apache-maven-3.8.1\repo\org\springframework\spring-beans\5.3.14\spring-beans-5.3.14.jar;C:\devEnv\apache-maven-3.8.1\repo\org\springframework\spring-expression\5.3.14\spring-expression-5.3.14.jar;C:\devEnv\apache-maven-3.8.1\repo\org\springframework\boot\spring-boot-autoconfigure\2.6.2\spring-boot-autoconfigure-2.6.2.jar;C:\devEnv\apache-maven-3.8.1\repo\org\springframework\boot\spring-boot-starter-logging\2.6.2\spring-boot-starter-logging-2.6.2.jar;C:\devEnv\apache-maven-3.8.1\repo\ch\qos\logback\logback-classic\1.2.9\logback-classic-1.2.9.jar;C:\devEnv\apache-maven-3.8.1\repo\ch\qos\logback\logback-core\1.2.9\logback-core-1.2.9.jar;C:\devEnv\apache-maven-3.8.1\repo\org\slf4j\slf4j-api\1.7.32\slf4j-api-1.7.32.jar;C:\devEnv\apache-maven-3.8.1\repo\org\apache\logging\log4j\log4j-to-slf4j\2.17.0\log4j-to-slf4j-2.17.0.jar;C:\devEnv\apache-maven-3.8.1\repo\org\apache\logging\log4j\log4j-api\2.17.0\log4j-api-2.17.0.jar;C:\devEnv\apache-maven-3.8.1\repo\org\slf4j\jul-to-slf4j\1.7.32\jul-to-slf4j-1.7.32.jar;C:\devEnv\apache-maven-3.8.1\repo\jakarta\annotation\jakarta.annotation-api\1.3.5\jakarta.annotation-api-1.3.5.jar;C:\devEnv\apache-maven-3.8.1\repo\org\springframework\spring-core\5.3.14\spring-core-5.3.14.jar;C:\devEnv\apache-maven-3.8.1\repo\org\springframework\spring-jcl\5.3.14\spring-jcl-5.3.14.jar;C:\devEnv\apache-maven-3.8.1\repo\org\yaml\snakeyaml\1.29\snakeyaml-1.29.jar;C:\devEnv\apache-maven-3.8.1\repo\junit\junit\4.11\junit-4.11.jar;C:\devEnv\apache-maven-3.8.1\repo\org\hamcrest\hamcrest-core\2.2\hamcrest-core-2.2.jar;C:\devEnv\apache-maven-3.8.1\repo\org\hamcrest\hamcrest\2.2\hamcrest-2.2.jar;C:\devEnv\apache-maven-3.8.1\repo\org\projectlombok\lombok\1.18.22\lombok-1.18.22.jar;"/>
    <property name="sun.cpu.endian" value="little"/>
    <property name="user.home" value="C:\Users\Romain"/>
    <property name="user.language" value="fr"/>
    <property name="java.specification.vendor" value="Oracle Corporation"/>
    <property name="java.version.date" value="2021-04-20"/>
    <property name="java.home" value="C:\Program Files\Java\jdk-16.0.1"/>
    <property name="file.separator" value="\"/>
    <property name="basedir" value="C:\Users\Romain\Desktop\Projets persos\springTutorial\dvd"/>
    <property name="java.vm.compressedOopsMode" value="Zero based"/>
    <property name="line.separator" value="&#10;"/>
    <property name="java.vm.specification.vendor" value="Oracle Corporation"/>
    <property name="java.specification.name" value="Java Platform API Specification"/>
    <property name="surefire.real.class.path" value="C:\Users\Romain\AppData\Local\Temp\surefire6860136477450401557\surefirebooter8901694601011966729.jar"/>
    <property name="user.script" value=""/>
    <property name="sun.management.compiler" value="HotSpot 64-Bit Tiered Compilers"/>
    <property name="java.runtime.version" value="16.0.1+9-24"/>
    <property name="user.name" value="Romain"/>
    <property name="path.separator" value=";"/>
    <property name="os.version" value="10.0"/>
    <property name="java.runtime.name" value="Java(TM) SE Runtime Environment"/>
    <property name="file.encoding" value="Cp1252"/>
    <property name="java.vm.name" value="Java HotSpot(TM) 64-Bit Server VM"/>
    <property name="localRepository" value="C:\devEnv\apache-maven-3.8.1\repo"/>
    <property name="java.vendor.url.bug" value="https://bugreport.java.com/bugreport/"/>
    <property name="java.io.tmpdir" value="C:\Users\Romain\AppData\Local\Temp\"/>
    <property name="java.version" value="16.0.1"/>
    <property name="user.dir" value="C:\Users\Romain\Desktop\Projets persos\springTutorial\dvd"/>
    <property name="os.arch" value="amd64"/>
    <property name="java.vm.specification.name" value="Java Virtual Machine Specification"/>
    <property name="sun.os.patch.level" value=""/>
    <property name="java.library.path" value="C:\Program Files\Java\jdk-16.0.1\bin;C:\WINDOWS\Sun\Java\bin;C:\WINDOWS\system32;C:\WINDOWS;C:\Program Files\Java\jdk-16.0.1\bin;C:\Users\Romain\AppData\Local\Android\Sdk\platform-tools;C:\Program Files (x86)\VMware\VMware Workstation\bin\;C:\Program Files (x86)\Razer\ChromaBroadcast\bin;C:\Program Files\Razer\ChromaBroadcast\bin;C:\Program Files\Microsoft MPI\Bin\;C:\Windows\system32;C:\Windows;C:\Windows\System32\Wbem;C:\Windows\System32\WindowsPowerShell\v1.0\;C:\Windows\System32\OpenSSH\;C:\Program Files\Microsoft SQL Server\130\Tools\Binn\;C:\Program Files (x86)\Microsoft SQL Server\150\DTS\Binn\;C:\Program Files (x86)\Microsoft SQL Server\140\Tools\Binn\;C:\Program Files\Microsoft SQL Server\140\Tools\Binn\;C:\Program Files (x86)\Microsoft SQL Server\140\DTS\Binn\;C:\Program Files\Microsoft SQL Server\140\DTS\Binn\;C:\Program Files\Microsoft SQL Server\Client SDK\ODBC\130\Tools\Binn\;C:\Program Files\NVIDIA Corporation\NVIDIA NvDLISR;C:\WINDOWS\system32;C:\WINDOWS;C:\WINDOWS\System32\Wbem;C:\WINDOWS\System32\WindowsPowerShell\v1.0\;C:\WINDOWS\System32\OpenSSH\;C:\composer;C:\wamp64\bin\php\php7.3.12;C:\Program Files\Git\cmd;C:\WINDOWS\system32\config\systemprofile\AppData\Local\Microsoft\WindowsApps;C:\flutter\bin;C:\Program Files\Symfony;C:\Program Files\dotnet\;C:\Program Files\PuTTY\;C:\Program Files (x86)\NVIDIA Corporation\PhysX\Common;C:\Program Files\nodejs\;C:\Program Files (x86)\dotnet\;C:\WINDOWS\system32;C:\WINDOWS;C:\WINDOWS\System32\Wbem;C:\WINDOWS\System32\WindowsPowerShell\v1.0\;C:\WINDOWS\System32\OpenSSH\;C:\Program Files\Microsoft SQL Server\Client SDK\ODBC\170\Tools\Binn\;C:\Program Files (x86)\Microsoft SQL Server\150\Tools\Binn\;C:\Program Files\Microsoft SQL Server\150\Tools\Binn\;C:\Program Files\Microsoft SQL Server\150\DTS\Binn\;C:\devEnv\apache-maven-3.8.1\bin;;C:\Program Files\Docker\Docker\resources\bin;C:\ProgramData\DockerDesktop\version-bin;C:\Users\Romain\AppData\Local\Programs\Python\Python38-32\Scripts\;C:\Users\Romain\AppData\Local\Programs\Python\Python38-32\;C:\Users\Romain\AppData\Local\Microsoft\WindowsApps;C:\Users\Romain\AppData\Local\Programs\Microsoft VS Code\bin;C:\Program Files\JetBrains\PyCharm Community Edition 2019.3.1\bin;;C:\PYTHON27;C:\flutter\bin;C:\Users\Romain\AppData\Roaming\Composer\vendor\bin;C:\Users\Romain\.dotnet\tools;C:\Program Files\JetBrains\JetBrains Rider 2020.2.3\bin;;C:\Users\Romain\AppData\Roaming\npm;C:\Program Files\Java\jdk-16.0.1\bin;C:\devEnv\apache-maven-3.8.1\bin;;C:\Program Files\JetBrains\IntelliJ IDEA Community Edition 2021.2.3\bin;;."/>
    <property name="java.vm.info" value="mixed mode, sharing"/>
    <property name="java.vendor" value="Oracle Corporation"/>
    <property name="java.vm.version" value="16.0.1+9-24"/>
    <property name="sun.io.unicode.encoding" value="UnicodeLittle"/>
    <property name="java.class.version" value="60.0"/>
  </properties>
  <testcase name="shouldAnswerWithTrue" classname="com.mycompany.dvdstore.AppTest" time="0.002"/>
</testsuite>